<?xml version="1.0" encoding="UTF-8"?>
<testsuite name="logic.ReminderServiceTest" tests="4" skipped="0" failures="0" errors="0" timestamp="2026-03-26T04:15:49.325Z" hostname="YUGAM" time="0.018">
  <properties/>
  <testcase name="getUpcomingReminders_withinWindow_returnsCorrectReminders()" classname="logic.ReminderServiceTest" time="0.005"/>
  <testcase name="addReminder_validInput_storesReminder()" classname="logic.ReminderServiceTest" time="0.003"/>
  <testcase name="getUpcomingReminders_dismissedReminderExcluded()" classname="logic.ReminderServiceTest" time="0.003"/>
  <testcase name="getUpcomingReminders_sortedByDateAscending()" classname="logic.ReminderServiceTest" time="0.001"/>
  <system-out><![CDATA[]]></system-out>
  <system-err><![CDATA[]]></system-err>
</testsuite>
